<?xml version="1.0" encoding="UTF-8"?>
<testsuite xmlns:xsi="http://www.w3.org/2001/XMLSchema-instance" xsi:noNamespaceSchemaLocation="https://maven.apache.org/surefire/maven-surefire-plugin/xsd/surefire-test-report.xsd" version="3.0.2" name="com.micronauticals.cloud_config.CloudConfigApplicationTests" time="16.592" tests="1" errors="0" skipped="0" failures="0">
  <properties>
[...]
</properties>
  <testcase name="contextLoads" classname="com.micronauticals.cloud_config.CloudConfigApplicationTests" time="0.797">
    <system-out><![CDATA[00:46:44.289 [main] INFO org.springframework.test.context.support.AnnotationConfigContextLoaderUtils -- Could not detect default configuration classes for test class [com.micronauticals.cloud_config.CloudConfigApplicationTests]: CloudConfigApplicationTests does not declare any static, non-private, non-final, nested classes annotated with @Configuration.
00:46:44.400 [main] INFO org.springframework.boot.test.context.SpringBootTestContextBootstrapper -- Found @SpringBootConfiguration com.micronauticals.cloud_config.CloudConfigApplication for test class com.micronauticals.cloud_config.CloudConfigApplicationTests

  .   ____          _            __ _ _
 /\\ / ___'_ __ _ _(_)_ __  __ _ \ \ \ \
( ( )\___ | '_ | '_| | '_ \/ _` | \ \ \ \
 \\/  ___)| |_)| | | | | || (_| |  ) ) ) )
  '  |____| .__|_| |_|_| |_\__, | / / / /
 =========|_|==============|___/=/_/_/_/

 :: Spring Boot ::                (v3.4.3)

2025-03-17T00:46:45.238+05:30  INFO 4920 --- [cloud_config] [           main] c.m.c.CloudConfigApplicationTests        : Starting CloudConfigApplicationTests using Java 21.0.5 with PID 4920 (started by 940pp in D:\Coding\Java Course\Spring-Project\SpringBootMicroservice-Config\V2_Cloud_Config\cloud_config)
2025-03-17T00:46:45.241+05:30  INFO 4920 --- [cloud_config] [           main] c.m.c.CloudConfigApplicationTests        : The following 1 profile is active: "git"
2025-03-17T00:46:47.281+05:30  INFO 4920 --- [cloud_config] [           main] faultConfiguringBeanFactoryPostProcessor : No bean named 'errorChannel' has been explicitly defined. Therefore, a default PublishSubscribeChannel will be created.
2025-03-17T00:46:47.301+05:30  INFO 4920 --- [cloud_config] [           main] faultConfiguringBeanFactoryPostProcessor : No bean named 'integrationHeaderChannelRegistry' has been explicitly defined. Therefore, a default DefaultHeaderChannelRegistry will be created.
2025-03-17T00:46:47.471+05:30  INFO 4920 --- [cloud_config] [           main] o.s.cloud.context.scope.GenericScope     : BeanFactory id=8ada2171-0092-395f-8dac-29ea18f81a78
2025-03-17T00:46:54.131+05:30  INFO 4920 --- [cloud_config] [           main] o.s.c.s.m.DirectWithAttributesChannel    : Channel 'cloud_config.springCloudBusInput' has 1 subscriber(s).
2025-03-17T00:46:55.600+05:30  INFO 4920 --- [cloud_config] [           main] o.s.b.a.e.web.EndpointLinksResolver      : Exposing 23 endpoints beneath base path '/actuator'
2025-03-17T00:46:56.079+05:30  INFO 4920 --- [cloud_config] [           main] o.s.i.endpoint.EventDrivenConsumer       : Adding {logging-channel-adapter:_org.springframework.integration.errorLogger} as a subscriber to the 'errorChannel' channel
2025-03-17T00:46:56.080+05:30  INFO 4920 --- [cloud_config] [           main] o.s.i.channel.PublishSubscribeChannel    : Channel 'cloud_config.errorChannel' has 1 subscriber(s).
2025-03-17T00:46:56.081+05:30  INFO 4920 --- [cloud_config] [           main] o.s.i.endpoint.EventDrivenConsumer       : started bean '_org.springframework.integration.errorLogger'
2025-03-17T00:46:56.128+05:30  INFO 4920 --- [cloud_config] [           main] o.s.c.c.m.FileMonitorConfiguration       : Not monitoring for local config changes
2025-03-17T00:46:56.129+05:30  INFO 4920 --- [cloud_config] [           main] o.s.c.s.binder.DefaultBinderFactory      : Creating binder: rabbit
2025-03-17T00:46:56.129+05:30  INFO 4920 --- [cloud_config] [           main] o.s.c.s.binder.DefaultBinderFactory      : Constructing binder child context for rabbit
2025-03-17T00:46:56.521+05:30  INFO 4920 --- [cloud_config] [           main] o.s.c.s.binder.DefaultBinderFactory      : Caching the binder: rabbit
2025-03-17T00:46:56.865+05:30  INFO 4920 --- [cloud_config] [           main] c.s.b.r.p.RabbitExchangeQueueProvisioner : declaring queue for inbound: springCloudBus.anonymous.TaiYpCbKTgisSdy0LeFKgg, bound to: springCloudBus
2025-03-17T00:46:56.871+05:30  INFO 4920 --- [cloud_config] [           main] o.s.a.r.c.CachingConnectionFactory       : Attempting to connect to: [rabbit:5672]
2025-03-17T00:46:59.568+05:30  INFO 4920 --- [cloud_config] [           main] o.s.a.r.c.CachingConnectionFactory       : Attempting to connect to: [rabbit:5672]
2025-03-17T00:46:59.572+05:30  INFO 4920 --- [cloud_config] [           main] o.s.a.r.c.CachingConnectionFactory       : Attempting to connect to: [rabbit:5672]
2025-03-17T00:46:59.599+05:30  INFO 4920 --- [cloud_config] [           main] o.s.c.stream.binder.BinderErrorChannel   : Channel 'rabbit-26462224.springCloudBusInput.errors' has 1 subscriber(s).
2025-03-17T00:46:59.602+05:30  INFO 4920 --- [cloud_config] [           main] o.s.c.stream.binder.BinderErrorChannel   : Channel 'rabbit-26462224.springCloudBusInput.errors' has 2 subscriber(s).
2025-03-17T00:46:59.604+05:30  INFO 4920 --- [cloud_config] [           main] o.s.a.r.c.CachingConnectionFactory       : Attempting to connect to: [rabbit:5672]
2025-03-17T00:46:59.605+05:30  INFO 4920 --- [cloud_config] [           main] o.s.a.r.l.SimpleMessageListenerContainer : Broker not available; cannot force queue declarations during start: java.net.UnknownHostException: rabbit
2025-03-17T00:46:59.620+05:30  INFO 4920 --- [cloud_config] [gisSdy0LeFKgg-1] o.s.a.r.c.CachingConnectionFactory       : Attempting to connect to: [rabbit:5672]
2025-03-17T00:46:59.622+05:30  INFO 4920 --- [cloud_config] [           main] o.s.i.a.i.AmqpInboundChannelAdapter      : started bean 'inbound.springCloudBus.anonymous.TaiYpCbKTgisSdy0LeFKgg'
2025-03-17T00:46:59.684+05:30  INFO 4920 --- [cloud_config] [           main] c.m.c.CloudConfigApplicationTests        : Started CloudConfigApplicationTests in 14.94 seconds (process running for 16.15)
]]></system-out>
    <system-err><![CDATA[Mockito is currently self-attaching to enable the inline-mock-maker. This will no longer work in future releases of the JDK. Please add Mockito as an agent to your build what is described in Mockito's documentation: https://javadoc.io/doc/org.mockito/mockito-core/latest/org/mockito/Mockito.html#0.3
WARNING: A Java agent has been loaded dynamically (C:\Users\940pp\.m2\repository\net\bytebuddy\byte-buddy-agent\1.15.11\byte-buddy-agent-1.15.11.jar)
WARNING: If a serviceability tool is in use, please run with -XX:+EnableDynamicAgentLoading to hide this warning
WARNING: If a serviceability tool is not in use, please run with -Djdk.instrument.traceUsage for more information
WARNING: Dynamic loading of agents will be disallowed by default in a future release
]]></system-err>
  </testcase>
</testsuite>