<?xml version="1.0" encoding="UTF-8"?>
<testsuite xmlns:xsi="http://www.w3.org/2001/XMLSchema-instance" xsi:noNamespaceSchemaLocation="https://maven.apache.org/surefire/maven-surefire-plugin/xsd/surefire-test-report.xsd" version="3.0.2" name="com.micronauticals.springbootmicroservice.AccountsMicroserviceTests" time="30.639" tests="1" errors="0" skipped="0" failures="0">
  <properties>
[...]
</properties>
  <testcase name="contextLoads" classname="com.micronauticals.springbootmicroservice.AccountsMicroserviceTests" time="0.955">
    <system-out><![CDATA[22:56:31.362 [main] INFO org.springframework.test.context.support.AnnotationConfigContextLoaderUtils -- Could not detect default configuration classes for test class [com.micronauticals.springbootmicroservice.AccountsMicroserviceTests]: AccountsMicroserviceTests does not declare any static, non-private, non-final, nested classes annotated with @Configuration.
22:56:31.585 [main] INFO org.springframework.boot.test.context.SpringBootTestContextBootstrapper -- Found @SpringBootConfiguration com.micronauticals.springbootmicroservice.AccountsMicroservice for test class com.micronauticals.springbootmicroservice.AccountsMicroserviceTests
22:56:32.247 [main] INFO org.springframework.boot.devtools.restart.RestartApplicationListener -- Restart disabled due to context in which it is running

  .   ____          _            __ _ _
 /\\ / ___'_ __ _ _(_)_ __  __ _ \ \ \ \
( ( )\___ | '_ | '_| | '_ \/ _` | \ \ \ \
 \\/  ___)| |_)| | | | | || (_| |  ) ) ) )
  '  |____| .__|_| |_|_| |_\__, | / / / /
 =========|_|==============|___/=/_/_/_/

 :: Spring Boot ::                (v3.4.2)

2025-03-17T22:56:36.661+05:30  INFO 28912 --- [accounts] [           main] c.m.s.AccountsMicroserviceTests          : Starting AccountsMicroserviceTests using Java 21.0.5 with PID 28912 (started by 940pp in D:\Coding\Java Course\Spring-Project\SpringBootMicroservice-Config\V2_Cloud_Config\Accounts_Microservice)
2025-03-17T22:56:36.666+05:30  INFO 28912 --- [accounts] [           main] c.m.s.AccountsMicroserviceTests          : The following 1 profile is active: "prod"
2025-03-17T22:56:36.743+05:30  INFO 28912 --- [accounts] [           main] o.s.c.c.c.ConfigServerConfigDataLoader   : Fetching config from server at : http://configserver:8084/
2025-03-17T22:56:36.744+05:30  INFO 28912 --- [accounts] [           main] o.s.c.c.c.ConfigServerConfigDataLoader   : Exception on Url - http://configserver:8084/:org.springframework.web.client.ResourceAccessException: I/O error on GET request for "http://configserver:8084/accounts/default": configserver. Will be trying the next url if available
2025-03-17T22:56:36.745+05:30  WARN 28912 --- [accounts] [           main] o.s.c.c.c.ConfigServerConfigDataLoader   : Could not locate PropertySource ([ConfigServerConfigDataResource@295bf2a uris = array<String>['http://configserver:8084/'], optional = true, profiles = 'default']): I/O error on GET request for "http://configserver:8084/accounts/default": configserver
2025-03-17T22:56:36.745+05:30  INFO 28912 --- [accounts] [           main] o.s.c.c.c.ConfigServerConfigDataLoader   : Fetching config from server at : http://configserver:8084/
2025-03-17T22:56:36.745+05:30  INFO 28912 --- [accounts] [           main] o.s.c.c.c.ConfigServerConfigDataLoader   : Exception on Url - http://configserver:8084/:org.springframework.web.client.ResourceAccessException: I/O error on GET request for "http://configserver:8084/accounts/prod": configserver. Will be trying the next url if available
2025-03-17T22:56:36.746+05:30  WARN 28912 --- [accounts] [           main] o.s.c.c.c.ConfigServerConfigDataLoader   : Could not locate PropertySource ([ConfigServerConfigDataResource@1866da85 uris = array<String>['http://configserver:8084/'], optional = true, profiles = 'prod']): I/O error on GET request for "http://configserver:8084/accounts/prod": configserver
2025-03-17T22:56:36.746+05:30  INFO 28912 --- [accounts] [           main] o.s.c.c.c.ConfigServerConfigDataLoader   : Fetching config from server at : http://configserver:8084/
2025-03-17T22:56:36.746+05:30  INFO 28912 --- [accounts] [           main] o.s.c.c.c.ConfigServerConfigDataLoader   : Exception on Url - http://configserver:8084/:org.springframework.web.client.ResourceAccessException: I/O error on GET request for "http://configserver:8084/accounts/default": configserver. Will be trying the next url if available
2025-03-17T22:56:36.747+05:30  WARN 28912 --- [accounts] [           main] o.s.c.c.c.ConfigServerConfigDataLoader   : Could not locate PropertySource ([ConfigServerConfigDataResource@4cfa8227 uris = array<String>['http://configserver:8084/'], optional = true, profiles = 'default']): I/O error on GET request for "http://configserver:8084/accounts/default": configserver
2025-03-17T22:56:40.319+05:30  INFO 28912 --- [accounts] [           main] .s.d.r.c.RepositoryConfigurationDelegate : Bootstrapping Spring Data JPA repositories in DEFAULT mode.
2025-03-17T22:56:40.807+05:30  INFO 28912 --- [accounts] [           main] .s.d.r.c.RepositoryConfigurationDelegate : Finished Spring Data repository scanning in 462 ms. Found 2 JPA repository interfaces.
2025-03-17T22:56:41.442+05:30  INFO 28912 --- [accounts] [           main] faultConfiguringBeanFactoryPostProcessor : No bean named 'errorChannel' has been explicitly defined. Therefore, a default PublishSubscribeChannel will be created.
2025-03-17T22:56:41.472+05:30  INFO 28912 --- [accounts] [           main] faultConfiguringBeanFactoryPostProcessor : No bean named 'integrationHeaderChannelRegistry' has been explicitly defined. Therefore, a default DefaultHeaderChannelRegistry will be created.
2025-03-17T22:56:41.807+05:30  INFO 28912 --- [accounts] [           main] o.s.cloud.context.scope.GenericScope     : BeanFactory id=a80eb39a-8f90-3b9a-b7b3-e37b47d09b69
2025-03-17T22:56:43.820+05:30  INFO 28912 --- [accounts] [           main] com.zaxxer.hikari.HikariDataSource       : HikariPool-1 - Starting...
2025-03-17T22:56:44.291+05:30  INFO 28912 --- [accounts] [           main] com.zaxxer.hikari.pool.HikariPool        : HikariPool-1 - Added connection conn0: url=jdbc:h2:mem:springbootdb user=SA
2025-03-17T22:56:44.297+05:30  INFO 28912 --- [accounts] [           main] com.zaxxer.hikari.HikariDataSource       : HikariPool-1 - Start completed.
2025-03-17T22:56:44.847+05:30  INFO 28912 --- [accounts] [           main] o.hibernate.jpa.internal.util.LogHelper  : HHH000204: Processing PersistenceUnitInfo [name: default]
2025-03-17T22:56:45.098+05:30  INFO 28912 --- [accounts] [           main] org.hibernate.Version                    : HHH000412: Hibernate ORM core version 6.6.5.Final
2025-03-17T22:56:45.254+05:30  INFO 28912 --- [accounts] [           main] o.h.c.internal.RegionFactoryInitiator    : HHH000026: Second-level cache disabled
2025-03-17T22:56:45.946+05:30  INFO 28912 --- [accounts] [           main] o.s.o.j.p.SpringPersistenceUnitInfo      : No LoadTimeWeaver setup: ignoring JPA class transformer
2025-03-17T22:56:46.200+05:30  INFO 28912 --- [accounts] [           main] org.hibernate.orm.connections.pooling    : HHH10001005: Database info:
	Database JDBC URL [Connecting through datasource 'HikariDataSource (HikariPool-1)']
	Database driver: undefined/unknown
	Database version: 2.3.232
	Autocommit mode: undefined/unknown
	Isolation level: undefined/unknown
	Minimum pool size: undefined/unknown
	Maximum pool size: undefined/unknown
Hibernate: alter table if exists accounts alter column created_at set data type timestamp(6)
Hibernate: alter table if exists accounts alter column created_by set data type varchar(255)
Hibernate: alter table if exists accounts alter column updated_at set data type timestamp(6)
Hibernate: alter table if exists accounts alter column updated_by set data type varchar(255)
Hibernate: alter table if exists accounts add column account_type varchar(255)
Hibernate: alter table if exists accounts alter column branch_address set data type varchar(255)
Hibernate: alter table if exists customer alter column created_at set data type timestamp(6)
Hibernate: alter table if exists customer alter column created_by set data type varchar(255)
Hibernate: alter table if exists customer alter column updated_at set data type timestamp(6)
Hibernate: alter table if exists customer alter column updated_by set data type varchar(255)
Hibernate: alter table if exists customer alter column email set data type varchar(255)
Hibernate: alter table if exists customer alter column mobile_number set data type varchar(255)
Hibernate: alter table if exists customer alter column name set data type varchar(255)
2025-03-17T22:56:48.592+05:30  INFO 28912 --- [accounts] [           main] j.LocalContainerEntityManagerFactoryBean : Initialized JPA EntityManagerFactory for persistence unit 'default'
2025-03-17T22:56:51.429+05:30  WARN 28912 --- [accounts] [           main] JpaBaseConfiguration$JpaWebConfiguration : spring.jpa.open-in-view is enabled by default. Therefore, database queries may be performed during view rendering. Explicitly configure spring.jpa.open-in-view to disable this warning
2025-03-17T22:56:55.640+05:30  INFO 28912 --- [accounts] [           main] o.s.c.s.m.DirectWithAttributesChannel    : Channel 'accounts.springCloudBusInput' has 1 subscriber(s).
2025-03-17T22:56:56.170+05:30  INFO 28912 --- [accounts] [           main] o.s.b.a.h2.H2ConsoleAutoConfiguration    : H2 console available at '/h2-console'. Database available at 'jdbc:h2:mem:springbootdb'
2025-03-17T22:56:56.456+05:30  INFO 28912 --- [accounts] [           main] o.s.b.a.e.web.EndpointLinksResolver      : Exposing 23 endpoints beneath base path '/actuator'
2025-03-17T22:56:56.810+05:30  INFO 28912 --- [accounts] [           main] o.s.i.endpoint.EventDrivenConsumer       : Adding {logging-channel-adapter:_org.springframework.integration.errorLogger} as a subscriber to the 'errorChannel' channel
2025-03-17T22:56:56.811+05:30  INFO 28912 --- [accounts] [           main] o.s.i.channel.PublishSubscribeChannel    : Channel 'accounts.errorChannel' has 1 subscriber(s).
2025-03-17T22:56:56.812+05:30  INFO 28912 --- [accounts] [           main] o.s.i.endpoint.EventDrivenConsumer       : started bean '_org.springframework.integration.errorLogger'
2025-03-17T22:56:56.899+05:30  INFO 28912 --- [accounts] [           main] o.s.c.s.binder.DefaultBinderFactory      : Creating binder: rabbit
2025-03-17T22:56:56.899+05:30  INFO 28912 --- [accounts] [           main] o.s.c.s.binder.DefaultBinderFactory      : Constructing binder child context for rabbit
2025-03-17T22:56:57.261+05:30  INFO 28912 --- [accounts] [           main] o.s.c.s.binder.DefaultBinderFactory      : Caching the binder: rabbit
2025-03-17T22:56:57.443+05:30  INFO 28912 --- [accounts] [           main] c.s.b.r.p.RabbitExchangeQueueProvisioner : declaring queue for inbound: springCloudBus.anonymous.VHctrhIuQ-62hYDb7HUylw, bound to: springCloudBus
2025-03-17T22:56:57.456+05:30  INFO 28912 --- [accounts] [           main] o.s.a.r.c.CachingConnectionFactory       : Attempting to connect to: [rabbit:5672]
2025-03-17T22:57:00.190+05:30  INFO 28912 --- [accounts] [           main] o.s.a.r.c.CachingConnectionFactory       : Attempting to connect to: [rabbit:5672]
2025-03-17T22:57:00.195+05:30  INFO 28912 --- [accounts] [           main] o.s.a.r.c.CachingConnectionFactory       : Attempting to connect to: [rabbit:5672]
2025-03-17T22:57:00.275+05:30  INFO 28912 --- [accounts] [           main] o.s.c.stream.binder.BinderErrorChannel   : Channel 'rabbit-616576695.springCloudBusInput.errors' has 1 subscriber(s).
2025-03-17T22:57:00.277+05:30  INFO 28912 --- [accounts] [           main] o.s.c.stream.binder.BinderErrorChannel   : Channel 'rabbit-616576695.springCloudBusInput.errors' has 2 subscriber(s).
2025-03-17T22:57:00.284+05:30  INFO 28912 --- [accounts] [           main] o.s.a.r.c.CachingConnectionFactory       : Attempting to connect to: [rabbit:5672]
2025-03-17T22:57:00.286+05:30  INFO 28912 --- [accounts] [           main] o.s.a.r.l.SimpleMessageListenerContainer : Broker not available; cannot force queue declarations during start: java.net.UnknownHostException: rabbit
2025-03-17T22:57:00.311+05:30  INFO 28912 --- [accounts] [-62hYDb7HUylw-1] o.s.a.r.c.CachingConnectionFactory       : Attempting to connect to: [rabbit:5672]
2025-03-17T22:57:00.312+05:30  INFO 28912 --- [accounts] [           main] o.s.i.a.i.AmqpInboundChannelAdapter      : started bean 'inbound.springCloudBus.anonymous.VHctrhIuQ-62hYDb7HUylw'
2025-03-17T22:57:00.451+05:30  INFO 28912 --- [accounts] [           main] c.m.s.AccountsMicroserviceTests          : Started AccountsMicroserviceTests in 28.23 seconds (process running for 30.646)
]]></system-out>
    <system-err><![CDATA[Mockito is currently self-attaching to enable the inline-mock-maker. This will no longer work in future releases of the JDK. Please add Mockito as an agent to your build what is described in Mockito's documentation: https://javadoc.io/doc/org.mockito/mockito-core/latest/org/mockito/Mockito.html#0.3
WARNING: A Java agent has been loaded dynamically (C:\Users\940pp\.m2\repository\net\bytebuddy\byte-buddy-agent\1.15.11\byte-buddy-agent-1.15.11.jar)
WARNING: If a serviceability tool is in use, please run with -XX:+EnableDynamicAgentLoading to hide this warning
WARNING: If a serviceability tool is not in use, please run with -Djdk.instrument.traceUsage for more information
WARNING: Dynamic loading of agents will be disallowed by default in a future release
]]></system-err>
  </testcase>
</testsuite>